[2m2026-01-02T14:44:23.624915Z[0m [31mERROR[0m [2mglazewm[0m[2m:[0m Workspace with name '2' doesn't exist or is already active.
[2m2026-01-02T14:46:31.433290Z[0m [31mERROR[0m [2mglazewm[0m[2m:[0m Workspace with name '2' doesn't exist or is already active.
[2m2026-01-02T14:46:32.943312Z[0m [31mERROR[0m [2mglazewm[0m[2m:[0m Workspace with name '1' doesn't exist or is already active.
[2m2026-01-02T14:57:53.467996Z[0m [31mERROR[0m [2mglazewm[0m[2m:[0m Workspace with name 'main' doesn't exist or is already active.
[2m2026-01-02T14:58:47.201015Z[0m [31mERROR[0m [2mglazewm[0m[2m:[0m Workspace with name 'temp' doesn't exist or is already active.
[2m2026-01-02T14:58:50.393988Z[0m [31mERROR[0m [2mglazewm[0m[2m:[0m Workspace with name 'temp' doesn't exist or is already active.
[2m2026-01-02T14:59:09.422373Z[0m [31mERROR[0m [2mglazewm[0m[2m:[0m Workspace with name '0' doesn't exist or is already active.
[2m2026-01-02T14:59:48.244110Z[0m [31mERROR[0m [2mglazewm[0m[2m:[0m Workspace with name '4' doesn't exist or is already active.
[2m2026-01-02T15:38:01.405706Z[0m [31mERROR[0m [2mglazewm[0m[2m:[0m did not find expected key at line 139 column 7, while parsing a block mapping at line 138 column 5
[2m2026-01-02T19:18:02.765562Z[0m [31mERROR[0m [2mglazewm[0m[2m:[0m Another instance of the application is already running.
[2m2026-01-03T20:07:22.736006Z[0m [31mERROR[0m [2mglazewm[0m[2m:[0m Workspace with name '7' doesn't exist or is already active.
[2m2026-01-05T11:04:11.461964Z[0m [31mERROR[0m [2mglazewm[0m[2m:[0m Workspace with name '7' doesn't exist or is already active.
[2m2026-01-06T01:48:59.312959Z[0m [31mERROR[0m [2mglazewm[0m[2m:[0m No common ancestor between containers.
[2m2026-01-12T05:08:05.650673Z[0m [31mERROR[0m [2mglazewm[0m[2m:[0m No common ancestor between containers.
[2m2026-01-12T05:08:10.296111Z[0m [31mERROR[0m [2mglazewm[0m[2m:[0m Window has no workspace.
[2m2026-01-12T05:08:12.463373Z[0m [31mERROR[0m [2mglazewm[0m[2m:[0m Window has no workspace.
[2m2026-01-12T05:08:13.027699Z[0m [31mERROR[0m [2mglazewm[0m[2m:[0m Window has no workspace.
[2m2026-01-12T05:08:13.231502Z[0m [31mERROR[0m [2mglazewm[0m[2m:[0m Window has no workspace.
[2m2026-01-12T05:08:13.448057Z[0m [31mERROR[0m [2mglazewm[0m[2m:[0m Window has no workspace.
[2m2026-01-12T05:08:13.985429Z[0m [31mERROR[0m [2mglazewm[0m[2m:[0m Window has no workspace.
[2m2026-01-12T05:08:14.175617Z[0m [31mERROR[0m [2mglazewm[0m[2m:[0m Window has no workspace.
[2m2026-01-12T05:08:14.360577Z[0m [31mERROR[0m [2mglazewm[0m[2m:[0m Window has no workspace.
[2m2026-01-12T05:08:14.764579Z[0m [31mERROR[0m [2mglazewm[0m[2m:[0m Window has no workspace.
[2m2026-01-12T05:08:14.950336Z[0m [31mERROR[0m [2mglazewm[0m[2m:[0m Window has no workspace.
[2m2026-01-12T05:08:15.134232Z[0m [31mERROR[0m [2mglazewm[0m[2m:[0m Window has no workspace.
[2m2026-01-12T05:08:15.319685Z[0m [31mERROR[0m [2mglazewm[0m[2m:[0m Window has no workspace.
[2m2026-01-12T05:08:15.498998Z[0m [31mERROR[0m [2mglazewm[0m[2m:[0m Window has no workspace.
[2m2026-01-12T05:08:15.696022Z[0m [31mERROR[0m [2mglazewm[0m[2m:[0m Window has no workspace.
[2m2026-01-12T05:08:16.835619Z[0m [31mERROR[0m [2mglazewm[0m[2m:[0m Window has no workspace.
[2m2026-01-12T05:08:17.009572Z[0m [31mERROR[0m [2mglazewm[0m[2m:[0m Window has no workspace.
[2m2026-01-12T05:08:17.195681Z[0m [31mERROR[0m [2mglazewm[0m[2m:[0m Window has no workspace.
[2m2026-01-12T05:08:17.374859Z[0m [31mERROR[0m [2mglazewm[0m[2m:[0m Window has no workspace.
[2m2026-01-12T05:08:17.542513Z[0m [31mERROR[0m [2mglazewm[0m[2m:[0m Window has no workspace.
[2m2026-01-12T05:08:17.709132Z[0m [31mERROR[0m [2mglazewm[0m[2m:[0m Window has no workspace.
[2m2026-01-12T05:08:18.215642Z[0m [31mERROR[0m [2mglazewm[0m[2m:[0m Window has no workspace.
[2m2026-01-12T05:08:18.393778Z[0m [31mERROR[0m [2mglazewm[0m[2m:[0m Window has no workspace.
[2m2026-01-12T05:08:18.563654Z[0m [31mERROR[0m [2mglazewm[0m[2m:[0m Window has no workspace.
[2m2026-01-12T05:08:18.729003Z[0m [31mERROR[0m [2mglazewm[0m[2m:[0m Window has no workspace.
[2m2026-01-12T05:08:18.905366Z[0m [31mERROR[0m [2mglazewm[0m[2m:[0m Window has no workspace.
[2m2026-01-12T05:08:19.046430Z[0m [31mERROR[0m [2mglazewm[0m[2m:[0m Window has no workspace.
[2m2026-01-12T05:08:19.202547Z[0m [31mERROR[0m [2mglazewm[0m[2m:[0m Window has no workspace.
[2m2026-01-12T05:08:19.666392Z[0m [31mERROR[0m [2mglazewm[0m[2m:[0m Window has no workspace.
[2m2026-01-12T05:08:22.324002Z[0m [31mERROR[0m [2mglazewm[0m[2m:[0m Window has no workspace.
[2m2026-01-12T05:08:22.494342Z[0m [31mERROR[0m [2mglazewm[0m[2m:[0m Window has no workspace.
[2m2026-01-12T05:08:22.661391Z[0m [31mERROR[0m [2mglazewm[0m[2m:[0m Window has no workspace.
[2m2026-01-12T05:08:22.812938Z[0m [31mERROR[0m [2mglazewm[0m[2m:[0m Window has no workspace.
[2m2026-01-12T05:08:22.961599Z[0m [31mERROR[0m [2mglazewm[0m[2m:[0m Window has no workspace.
[2m2026-01-12T05:08:23.114451Z[0m [31mERROR[0m [2mglazewm[0m[2m:[0m Window has no workspace.
[2m2026-01-12T05:08:23.279223Z[0m [31mERROR[0m [2mglazewm[0m[2m:[0m Window has no workspace.
[2m2026-01-12T05:08:23.432090Z[0m [31mERROR[0m [2mglazewm[0m[2m:[0m Window has no workspace.
[2m2026-01-12T05:08:23.585380Z[0m [31mERROR[0m [2mglazewm[0m[2m:[0m Window has no workspace.
[2m2026-01-12T05:08:23.743630Z[0m [31mERROR[0m [2mglazewm[0m[2m:[0m Window has no workspace.
[2m2026-01-12T05:08:23.906625Z[0m [31mERROR[0m [2mglazewm[0m[2m:[0m Window has no workspace.
[2m2026-01-12T05:08:24.066824Z[0m [31mERROR[0m [2mglazewm[0m[2m:[0m Window has no workspace.
[2m2026-01-12T05:08:24.210600Z[0m [31mERROR[0m [2mglazewm[0m[2m:[0m Window has no workspace.
[2m2026-01-12T05:08:29.858577Z[0m [31mERROR[0m [2mglazewm[0m[2m:[0m Window has no workspace.
[2m2026-01-12T05:08:30.020983Z[0m [31mERROR[0m [2mglazewm[0m[2m:[0m Window has no workspace.
[2m2026-01-12T05:08:30.175815Z[0m [31mERROR[0m [2mglazewm[0m[2m:[0m Another instance of the application is already running.
[2m2026-01-12T05:08:30.251280Z[0m [31mERROR[0m [2mglazewm[0m[2m:[0m Window has no workspace.
[2m2026-01-17T13:08:57.137893Z[0m [31mERROR[0m [2mglazewm[0m[2m:[0m No common ancestor between containers.
[2m2026-01-17T13:09:17.381729Z[0m [31mERROR[0m [2mglazewm[0m[2m:[0m No common ancestor between containers.
[2m2026-01-19T14:52:38.447972Z[0m [31mERROR[0m [2mglazewm[0m[2m:[0m No common ancestor between containers.
[2m2026-01-27T12:30:13.005968Z[0m [31mERROR[0m [2mglazewm[0m[2m:[0m No common ancestor between containers.
[2m2026-02-06T07:14:02.562264Z[0m [31mERROR[0m [2mglazewm[0m[2m:[0m No common ancestor between containers.
[2m2026-02-06T07:14:04.236885Z[0m [31mERROR[0m [2mglazewm[0m[2m:[0m Window has no workspace.
[2m2026-02-06T07:14:06.477644Z[0m [31mERROR[0m [2mglazewm[0m[2m:[0m Window has no workspace.
[2m2026-02-06T07:14:07.666042Z[0m [31mERROR[0m [2mglazewm[0m[2m:[0m Window has no workspace.
[2m2026-02-06T07:14:07.831469Z[0m [31mERROR[0m [2mglazewm[0m[2m:[0m Window has no workspace.
[2m2026-02-06T07:14:08.009734Z[0m [31mERROR[0m [2mglazewm[0m[2m:[0m Window has no workspace.
[2m2026-02-06T07:14:08.183031Z[0m [31mERROR[0m [2mglazewm[0m[2m:[0m Window has no workspace.
[2m2026-02-06T07:14:08.364858Z[0m [31mERROR[0m [2mglazewm[0m[2m:[0m Window has no workspace.
[2m2026-02-06T07:14:08.501948Z[0m [31mERROR[0m [2mglazewm[0m[2m:[0m Window has no workspace.
[2m2026-02-06T07:15:23.350925Z[0m [31mERROR[0m [2mglazewm[0m[2m:[0m Window has no workspace.
[2m2026-02-06T07:15:23.529294Z[0m [31mERROR[0m [2mglazewm[0m[2m:[0m Window has no workspace.
[2m2026-02-06T07:15:25.412283Z[0m [31mERROR[0m [2mglazewm[0m[2m:[0m Window has no workspace.
[2m2026-02-06T07:15:29.997592Z[0m [31mERROR[0m [2mglazewm[0m[2m:[0m Window has no workspace.
[2m2026-02-06T07:15:32.216555Z[0m [31mERROR[0m [2mglazewm[0m[2m:[0m Window has no workspace.
[2m2026-02-06T07:15:32.619356Z[0m [31mERROR[0m [2mglazewm[0m[2m:[0m Window has no workspace.
[2m2026-02-06T07:15:32.834587Z[0m [31mERROR[0m [2mglazewm[0m[2m:[0m Window has no workspace.
[2m2026-02-06T07:15:33.162535Z[0m [31mERROR[0m [2mglazewm[0m[2m:[0m Window has no workspace.
[2m2026-02-06T07:15:33.323915Z[0m [31mERROR[0m [2mglazewm[0m[2m:[0m Window has no workspace.
[2m2026-02-06T07:15:33.505604Z[0m [31mERROR[0m [2mglazewm[0m[2m:[0m Window has no workspace.
[2m2026-02-06T07:15:33.662029Z[0m [31mERROR[0m [2mglazewm[0m[2m:[0m Window has no workspace.
[2m2026-02-06T07:15:33.840186Z[0m [31mERROR[0m [2mglazewm[0m[2m:[0m Window has no workspace.
[2m2026-02-06T07:15:33.994530Z[0m [31mERROR[0m [2mglazewm[0m[2m:[0m Window has no workspace.
[2m2026-02-06T07:15:34.172880Z[0m [31mERROR[0m [2mglazewm[0m[2m:[0m Window has no workspace.
[2m2026-02-06T07:15:41.349586Z[0m [31mERROR[0m [2mglazewm[0m[2m:[0m Window has no workspace.
[2m2026-02-06T07:15:41.537406Z[0m [31mERROR[0m [2mglazewm[0m[2m:[0m Window has no workspace.
[2m2026-02-06T07:15:41.720025Z[0m [31mERROR[0m [2mglazewm[0m[2m:[0m Window has no workspace.
[2m2026-02-06T07:15:41.885411Z[0m [31mERROR[0m [2mglazewm[0m[2m:[0m Window has no workspace.
[2m2026-02-06T07:15:42.069740Z[0m [31mERROR[0m [2mglazewm[0m[2m:[0m Window has no workspace.
[2m2026-02-06T07:15:42.235022Z[0m [31mERROR[0m [2mglazewm[0m[2m:[0m Window has no workspace.
[2m2026-02-06T07:15:42.408743Z[0m [31mERROR[0m [2mglazewm[0m[2m:[0m Window has no workspace.
[2m2026-02-06T07:15:42.607818Z[0m [31mERROR[0m [2mglazewm[0m[2m:[0m Window has no workspace.
[2m2026-02-06T07:15:42.927596Z[0m [31mERROR[0m [2mglazewm[0m[2m:[0m Window has no workspace.
[2m2026-02-06T07:15:43.090033Z[0m [31mERROR[0m [2mglazewm[0m[2m:[0m Window has no workspace.
[2m2026-02-06T07:15:43.290067Z[0m [31mERROR[0m [2mglazewm[0m[2m:[0m Window has no workspace.
[2m2026-02-06T07:15:43.458417Z[0m [31mERROR[0m [2mglazewm[0m[2m:[0m Window has no workspace.
[2m2026-02-06T07:15:43.647444Z[0m [31mERROR[0m [2mglazewm[0m[2m:[0m Window has no workspace.
[2m2026-02-06T07:15:43.816636Z[0m [31mERROR[0m [2mglazewm[0m[2m:[0m Window has no workspace.
[2m2026-02-06T07:15:43.975271Z[0m [31mERROR[0m [2mglazewm[0m[2m:[0m Window has no workspace.
[2m2026-02-06T07:15:56.813654Z[0m [31mERROR[0m [2mglazewm[0m[2m:[0m Failed to send response: channel closed
[2m2026-02-06T07:15:56.860993Z[0m [31mERROR[0m [2mglazewm[0m[2m:[0m Window has no workspace.
[2m2026-02-07T07:38:13.002986Z[0m [31mERROR[0m [2mglazewm[0m[2m:[0m No common ancestor between containers.
[2m2026-02-07T07:38:14.118533Z[0m [31mERROR[0m [2mglazewm[0m[2m:[0m Window has no workspace.
[2m2026-02-07T07:38:14.966753Z[0m [31mERROR[0m [2mglazewm[0m[2m:[0m Window has no workspace.
[2m2026-02-07T07:38:15.146841Z[0m [31mERROR[0m [2mglazewm[0m[2m:[0m Window has no workspace.
[2m2026-02-07T07:38:15.332513Z[0m [31mERROR[0m [2mglazewm[0m[2m:[0m Window has no workspace.
[2m2026-02-07T07:38:15.495228Z[0m [31mERROR[0m [2mglazewm[0m[2m:[0m Window has no workspace.
[2m2026-02-07T07:38:15.662334Z[0m [31mERROR[0m [2mglazewm[0m[2m:[0m Window has no workspace.
[2m2026-02-07T07:38:15.830433Z[0m [31mERROR[0m [2mglazewm[0m[2m:[0m Window has no workspace.
[2m2026-02-07T07:38:16.008326Z[0m [31mERROR[0m [2mglazewm[0m[2m:[0m Window has no workspace.
[2m2026-02-07T07:38:16.209562Z[0m [31mERROR[0m [2mglazewm[0m[2m:[0m Window has no workspace.
[2m2026-02-07T07:38:16.416802Z[0m [31mERROR[0m [2mglazewm[0m[2m:[0m Window has no workspace.
[2m2026-02-07T07:38:22.804582Z[0m [31mERROR[0m [2mglazewm[0m[2m:[0m Window has no workspace.
[2m2026-02-07T07:38:22.971159Z[0m [31mERROR[0m [2mglazewm[0m[2m:[0m Window has no workspace.
[2m2026-02-07T07:38:23.155226Z[0m [31mERROR[0m [2mglazewm[0m[2m:[0m Window has no workspace.
[2m2026-02-07T07:38:23.308534Z[0m [31mERROR[0m [2mglazewm[0m[2m:[0m Window has no workspace.
[2m2026-02-07T07:38:23.476179Z[0m [31mERROR[0m [2mglazewm[0m[2m:[0m Window has no workspace.
[2m2026-02-07T07:38:23.647421Z[0m [31mERROR[0m [2mglazewm[0m[2m:[0m Window has no workspace.
[2m2026-02-07T07:38:23.795339Z[0m [31mERROR[0m [2mglazewm[0m[2m:[0m Window has no workspace.
[2m2026-02-07T07:38:23.968288Z[0m [31mERROR[0m [2mglazewm[0m[2m:[0m Window has no workspace.
[2m2026-02-07T07:38:24.288220Z[0m [31mERROR[0m [2mglazewm[0m[2m:[0m Window has no workspace.
[2m2026-02-07T07:38:24.821773Z[0m [31mERROR[0m [2mglazewm[0m[2m:[0m Window has no workspace.
[2m2026-02-07T07:38:24.994981Z[0m [31mERROR[0m [2mglazewm[0m[2m:[0m Window has no workspace.
[2m2026-02-07T07:38:25.332988Z[0m [31mERROR[0m [2mglazewm[0m[2m:[0m Window has no workspace.
[2m2026-02-07T07:38:29.023023Z[0m [31mERROR[0m [2mglazewm[0m[2m:[0m Window has no workspace.
[2m2026-02-07T07:38:29.201048Z[0m [31mERROR[0m [2mglazewm[0m[2m:[0m Window has no workspace.
[2m2026-02-07T07:38:29.381991Z[0m [31mERROR[0m [2mglazewm[0m[2m:[0m Window has no workspace.
[2m2026-02-07T07:38:29.553785Z[0m [31mERROR[0m [2mglazewm[0m[2m:[0m Window has no workspace.
[2m2026-02-07T07:38:29.731615Z[0m [31mERROR[0m [2mglazewm[0m[2m:[0m Window has no workspace.
[2m2026-02-07T07:38:29.900725Z[0m [31mERROR[0m [2mglazewm[0m[2m:[0m Window has no workspace.
[2m2026-02-07T07:38:30.065020Z[0m [31mERROR[0m [2mglazewm[0m[2m:[0m Window has no workspace.
[2m2026-02-07T07:38:36.008633Z[0m [31mERROR[0m [2mglazewm[0m[2m:[0m Window has no workspace.
[2m2026-02-09T05:39:57.752372Z[0m [31mERROR[0m [2mglazewm[0m[2m:[0m No common ancestor between containers.
[2m2026-02-10T09:26:05.004536Z[0m [31mERROR[0m [2mglazewm[0m[2m:[0m No common ancestor between containers.
[2m2026-02-11T07:32:43.355078Z[0m [31mERROR[0m [2mglazewm[0m[2m:[0m No common ancestor between containers.
[2m2026-02-16T14:14:01.628295Z[0m [31mERROR[0m [2mglazewm[0m[2m:[0m Another instance of the application is already running.
[2m2026-02-16T14:14:07.898508Z[0m [31mERROR[0m [2mglazewm[0m[2m:[0m Another instance of the application is already running.
